2016-12-02 14:19:08.412099 0 0.0 117.1 0.000
2016-12-02 14:19:09.409163 1 0.0 117.2 0.000
2016-12-02 14:19:10.411114 2 0.0 117.2 0.000
2016-12-02 14:19:11.413185 3 0.0 117.1 0.000
2016-12-02 14:19:12.410056 4 0.0 117.1 0.000
2016-12-02 14:19:13.411984 5 0.0 117.2 0.000
2016-12-02 14:19:14.414067 6 0.0 117.2 0.000
2016-12-02 14:19:15.411077 7 0.0 117.2 0.000
2016-12-02 14:19:16.412051 8 0.0 117.2 0.000
2016-12-02 14:19:17.410979 9 0.0 117.3 0.000
2016-12-02 14:19:18.411105 10 0.0 117.2 0.000
2016-12-02 14:19:19.414022 11 0.5 117.2 0.000
2016-12-02 14:19:20.411078 12 5.6 117.1 0.000
2016-12-02 14:19:21.412110 13 5.5 117.1 0.000
2016-12-02 14:19:22.414158 14 5.5 117.1 0.000
2016-12-02 14:19:23.412108 15 5.4 117.2 0.000
2016-12-02 14:19:24.413018 16 5.4 117.1 0.000
2016-12-02 14:19:25.415040 17 5.4 117.1 0.000
2016-12-02 14:19:26.412102 18 5.4 117.2 0.000
2016-12-02 14:19:27.414129 19 5.3 117.2 0.000
2016-12-02 14:19:28.415087 20 5.3 117.1 0.000
2016-12-02 14:19:29.412096 21 5.2 117.1 0.000
2016-12-02 14:19:30.414126 22 4.6 117.1 0.000
2016-12-02 14:19:31.416053 23 0.0 117.1 0.000
