2016-12-02 14:19:44.617149 0 0.0 117.1 0.000
2016-12-02 14:19:45.616082 1 0.0 117.0 0.000
2016-12-02 14:19:46.620098 2 0.0 117.1 0.000
2016-12-02 14:19:47.619097 3 0.0 117.0 0.000
2016-12-02 14:19:48.617084 4 0.0 117.1 0.000
2016-12-02 14:19:49.617082 5 0.0 116.9 0.000
2016-12-02 14:19:50.620124 6 6.0 117.1 0.000
2016-12-02 14:19:51.619125 7 6.0 117.0 0.000
2016-12-02 14:19:52.619037 8 6.0 117.0 0.000
2016-12-02 14:19:53.622145 9 6.1 116.9 0.000
2016-12-02 14:19:54.620081 10 6.1 117.0 0.000
2016-12-02 14:19:55.619090 11 6.2 116.9 0.000
2016-12-02 14:19:56.619133 12 6.2 116.9 0.000
2016-12-02 14:19:57.622047 13 5.7 117.0 0.000
2016-12-02 14:19:58.620094 14 0.0 117.0 0.000
2016-12-02 14:19:59.618145 15 0.0 117.0 0.000
2016-12-02 14:20:00.622042 16 0.0 116.9 0.000
2016-12-02 14:20:01.620998 17 0.0 117.0 0.000
2016-12-02 14:20:02.619302 18 0.5 115.8 0.000
2016-12-02 14:20:03.619116 19 6.4 116.8 0.000
2016-12-02 14:20:04.622149 20 6.4 116.8 0.000
2016-12-02 14:20:05.621130 21 6.4 116.8 0.000
2016-12-02 14:20:06.621134 22 6.3 116.7 0.000
2016-12-02 14:20:07.624101 23 6.3 116.8 0.000
2016-12-02 14:20:08.622079 24 6.3 116.9 0.000
2016-12-02 14:20:09.621126 25 6.3 116.9 0.000
2016-12-02 14:20:10.624135 26 0.0 116.9 0.000
2016-12-02 14:20:11.623063 27 0.0 116.9 0.000
