2016-12-02 14:21:54.658315 0 0.0 117.0 0.000
2016-12-02 14:21:55.655288 1 0.0 116.9 0.000
2016-12-02 14:21:56.656320 2 0.0 117.0 0.000
2016-12-02 14:21:57.657361 3 0.0 117.0 0.000
2016-12-02 14:21:58.660248 4 0.0 117.1 0.000
2016-12-02 14:21:59.657398 5 0.0 117.1 0.000
2016-12-02 14:22:00.658412 6 0.0 117.1 0.000
2016-12-02 14:22:01.660369 7 0.0 117.2 0.000
2016-12-02 14:22:02.661387 8 0.1 117.1 0.000
2016-12-02 14:22:03.659342 9 0.2 117.0 0.000
2016-12-02 14:22:04.662288 10 0.2 117.1 0.055
2016-12-02 14:22:05.664342 11 5.7 117.1 0.058
2016-12-02 14:22:06.665322 12 5.7 117.0 0.058
2016-12-02 14:22:07.662408 13 5.8 117.1 0.051
2016-12-02 14:22:08.663454 14 5.8 117.1 0.051
2016-12-02 14:22:09.666294 15 5.8 117.1 0.052
2016-12-02 14:22:10.667389 16 5.8 117.1 0.051
2016-12-02 14:22:11.663388 17 5.7 117.2 0.048
2016-12-02 14:22:12.664474 18 5.7 117.1 0.048
2016-12-02 14:22:13.666389 19 5.7 117.1 0.000
2016-12-02 14:22:14.668262 20 5.5 117.1 0.000
2016-12-02 14:22:15.664359 21 0.0 117.2 0.000
2016-12-02 14:22:16.665327 22 0.0 117.2 0.000
2016-12-02 14:22:17.667250 23 0.0 117.1 0.000
2016-12-02 14:22:18.668438 24 0.0 117.1 0.000
