2016-12-02 14:22:43.858396 0 0.0 117.2 0.000
2016-12-02 14:22:44.857409 1 0.0 117.2 0.000
2016-12-02 14:22:45.859358 2 0.0 117.2 0.000
2016-12-02 14:22:46.858411 3 0.0 117.2 0.000
2016-12-02 14:22:47.861394 4 0.0 117.1 0.000
2016-12-02 14:22:48.860271 5 0.0 117.2 0.000
2016-12-02 14:22:49.863264 6 0.0 117.1 0.000
2016-12-02 14:22:50.863310 7 0.4 117.1 0.074
2016-12-02 14:22:51.862477 8 6.2 117.2 0.074
2016-12-02 14:22:52.865399 9 6.2 117.2 0.077
2016-12-02 14:22:53.863410 10 6.2 117.2 0.077
2016-12-02 14:22:54.867295 11 6.2 117.2 0.077
2016-12-02 14:22:55.865457 12 6.3 117.2 0.077
2016-12-02 14:22:56.864387 13 6.3 117.1 0.076
2016-12-02 14:22:57.866496 14 6.3 117.2 0.076
2016-12-02 14:22:58.865420 15 6.3 117.1 0.076
2016-12-02 14:22:59.869311 16 6.4 117.2 0.076
2016-12-02 14:23:00.867435 17 6.4 117.2 0.077
2016-12-02 14:23:01.870397 18 6.4 117.2 0.076
2016-12-02 14:23:02.868452 19 6.4 117.2 0.076
2016-12-02 14:23:03.868445 20 6.4 117.1 0.076
2016-12-02 14:23:04.871273 21 6.4 117.2 0.078
2016-12-02 14:23:05.870308 22 6.4 117.2 0.076
2016-12-02 14:23:06.872383 23 6.5 117.1 0.077
2016-12-02 14:23:07.871316 24 6.4 117.2 0.076
2016-12-02 14:23:08.874414 25 6.4 117.2 0.077
2016-12-02 14:23:09.872471 26 6.4 117.3 0.076
2016-12-02 14:23:10.874443 27 6.4 117.2 0.054
2016-12-02 14:23:11.872386 28 0.0 117.2 0.000
2016-12-02 14:23:12.872272 29 0.0 117.2 0.000
2016-12-02 14:23:13.874350 30 0.0 117.2 0.000
2016-12-02 14:23:14.873394 31 0.0 117.2 0.000
2016-12-02 14:23:15.875374 32 0.0 117.2 0.000
