2016-12-01 14:44:53.324815 0 0.0 116.8 0.000
2016-12-01 14:44:54.325722 1 0.0 116.9 0.000
2016-12-01 14:44:55.327717 2 0.0 116.9 0.000
2016-12-01 14:44:56.329800 3 0.0 116.9 0.000
2016-12-01 14:44:57.327842 4 0.0 116.9 0.000
2016-12-01 14:44:58.328712 5 0.0 116.9 0.000
2016-12-01 14:44:59.329864 6 0.0 116.9 0.000
2016-12-01 14:45:00.331894 7 0.0 116.9 0.000
2016-12-01 14:45:01.334814 8 0.4 116.8 0.000
2016-12-01 14:45:02.335839 9 5.8 116.8 0.000
2016-12-01 14:45:03.333927 10 5.7 116.8 0.000
2016-12-01 14:45:04.335726 11 5.7 116.8 0.000
2016-12-01 14:45:05.337721 12 5.7 116.9 0.000
2016-12-01 14:45:06.338798 13 5.7 116.9 0.000
2016-12-01 14:45:07.340822 14 5.6 116.9 0.000
2016-12-01 14:45:08.338874 15 5.6 116.7 0.000
2016-12-01 14:45:09.339857 16 5.6 116.8 0.000
2016-12-01 14:45:10.340849 17 5.6 116.8 0.000
2016-12-01 14:45:11.342953 18 5.6 116.8 0.000
2016-12-01 14:45:12.345758 19 5.6 116.8 0.000
2016-12-01 14:45:13.343764 20 5.5 116.8 0.000
2016-12-01 14:45:14.343856 21 5.5 116.8 0.000
2016-12-01 14:45:15.345864 22 5.4 116.9 0.000
2016-12-01 14:45:16.347866 23 5.4 116.9 0.000
2016-12-01 14:45:17.349873 24 5.3 116.9 0.000
2016-12-01 14:45:18.346870 25 5.2 116.9 0.000
2016-12-01 14:45:19.347896 26 5.1 116.9 0.000
2016-12-01 14:45:20.349950 27 5.0 116.9 0.000
2016-12-01 14:45:21.352727 28 5.1 116.9 0.000
2016-12-01 14:45:22.354774 29 5.0 116.9 0.000
2016-12-01 14:45:23.351802 30 5.0 116.9 0.000
2016-12-01 14:45:24.352847 31 5.0 116.9 0.000
2016-12-01 14:45:25.354855 32 4.9 116.9 0.000
2016-12-01 14:45:26.356899 33 4.9 117.0 0.000
2016-12-01 14:45:27.357869 34 4.9 116.9 0.000
2016-12-01 14:45:28.356720 35 4.9 117.0 0.000
2016-12-01 14:45:29.357806 36 4.9 117.0 0.000
2016-12-01 14:45:30.359728 37 4.9 117.0 0.000
2016-12-01 14:45:31.360753 38 4.9 117.0 0.000
2016-12-01 14:45:32.362782 39 5.0 117.0 0.000
2016-12-01 14:45:33.364801 40 5.1 117.0 0.000
2016-12-01 14:45:34.362739 41 5.1 117.0 0.000
2016-12-01 14:45:35.362881 42 5.1 117.0 0.000
2016-12-01 14:45:36.364869 43 5.0 116.9 0.000
2016-12-01 14:45:37.366891 44 5.0 116.9 0.000
2016-12-01 14:45:38.368878 45 5.0 116.9 0.000
2016-12-01 14:45:39.365957 46 5.0 116.9 0.000
2016-12-01 14:45:40.367768 47 5.0 116.9 0.000
2016-12-01 14:45:41.369775 48 5.0 116.9 0.000
2016-12-01 14:45:42.371777 49 4.9 117.0 0.000
2016-12-01 14:45:43.372842 50 4.9 117.0 0.000
2016-12-01 14:45:44.374895 51 4.9 117.0 0.000
2016-12-01 14:45:45.372772 52 4.9 117.0 0.000
2016-12-01 14:45:46.373884 53 4.8 117.0 0.000
2016-12-01 14:45:47.374929 54 4.8 116.9 0.000
2016-12-01 14:45:48.376912 55 4.8 117.0 0.000
2016-12-01 14:45:49.378973 56 4.7 117.0 0.000
2016-12-01 14:45:50.377737 57 4.7 116.9 0.000
2016-12-01 14:45:51.377802 58 4.6 116.9 0.000
2016-12-01 14:45:52.379781 59 4.6 116.9 0.000
2016-12-01 14:45:53.381828 60 4.6 116.9 0.000
2016-12-01 14:45:54.383906 61 4.6 117.0 0.000
2016-12-01 14:45:55.380917 62 4.6 117.0 0.000
2016-12-01 14:45:56.382827 63 4.5 117.0 0.000
2016-12-01 14:45:57.383887 64 4.5 117.0 0.000
